# JRE version: Java(TM) SE Runtime Environment (8.0_60-b27) (build 1.8.0_60-b27)
# Java VM: Java HotSpot(TM) 64-Bit Server VM (25.60-b23 mixed mode bsd-amd64 compressed oops)
Heap:
 PSYoungGen      total 33280K, used 16760K [0x000000076ab00000, 0x000000076d800000, 0x00000007c0000000)
  eden space 21504K, 23% used [0x000000076ab00000,0x000000076afe45e8,0x000000076c000000)
  from space 11776K, 99% used [0x000000076c000000,0x000000076cb79c30,0x000000076cb80000)
  to   space 12288K, 0% used [0x000000076cc00000,0x000000076cc00000,0x000000076d800000)
 ParOldGen       total 834560K, used 801927K [0x00000006c0000000, 0x00000006f2f00000, 0x000000076ab00000)
  object space 834560K, 96% used [0x00000006c0000000,0x00000006f0f21d80,0x00000006f2f00000)
 Metaspace       used 22628K, capacity 22966K, committed 23040K, reserved 1069056K
  class space    used 2670K, capacity 2778K, committed 2816K, reserved 1048576K
GC Heap History (10 events):
Event: 2974.379 GC heap before
{Heap before GC invocations=3680 (full 27):
 PSYoungGen      total 33280K, used 31611K [0x000000076ab00000, 0x000000076d700000, 0x00000007c0000000)
  eden space 21504K, 100% used [0x000000076ab00000,0x000000076c000000,0x000000076c000000)
  from space 11776K, 85% used [0x000000076cb80000,0x000000076d55ee40,0x000000076d700000)
  to   space 11776K, 0% used [0x000000076c000000,0x000000076c000000,0x000000076cb80000)
 ParOldGen       total 834560K, used 799711K [0x00000006c0000000, 0x00000006f2f00000, 0x000000076ab00000)
  object space 834560K, 95% used [0x00000006c0000000,0x00000006f0cf7d10,0x00000006f2f00000)
 Metaspace       used 22628K, capacity 22966K, committed 23040K, reserved 1069056K
  class space    used 2670K, capacity 2778K, committed 2816K, reserved 1048576K
Event: 2974.383 GC heap after
Heap after GC invocations=3680 (full 27):
 PSYoungGen      total 33280K, used 10399K [0x000000076ab00000, 0x000000076d700000, 0x00000007c0000000)
  eden space 21504K, 0% used [0x000000076ab00000,0x000000076ab00000,0x000000076c000000)
  from space 11776K, 88% used [0x000000076c000000,0x000000076ca27fd0,0x000000076cb80000)
  to   space 11776K, 0% used [0x000000076cb80000,0x000000076cb80000,0x000000076d700000)
 ParOldGen       total 834560K, used 800064K [0x00000006c0000000, 0x00000006f2f00000, 0x000000076ab00000)
  object space 834560K, 95% used [0x00000006c0000000,0x00000006f0d501c0,0x00000006f2f00000)
 Metaspace       used 22628K, capacity 22966K, committed 23040K, reserved 1069056K
  class space    used 2670K, capacity 2778K, committed 2816K, reserved 1048576K
}
Event: 2975.252 GC heap before
{Heap before GC invocations=3681 (full 27):
 PSYoungGen      total 33280K, used 31900K [0x000000076ab00000, 0x000000076d700000, 0x00000007c0000000)
  eden space 21504K, 99% used [0x000000076ab00000,0x000000076bfff238,0x000000076c000000)
  from space 11776K, 88% used [0x000000076c000000,0x000000076ca27fd0,0x000000076cb80000)
  to   space 11776K, 0% used [0x000000076cb80000,0x000000076cb80000,0x000000076d700000)
 ParOldGen       total 834560K, used 800064K [0x00000006c0000000, 0x00000006f2f00000, 0x000000076ab00000)
  object space 834560K, 95% used [0x00000006c0000000,0x00000006f0d501c0,0x00000006f2f00000)
 Metaspace       used 22628K, capacity 22966K, committed 23040K, reserved 1069056K
  class space    used 2670K, capacity 2778K, committed 2816K, reserved 1048576K
Event: 2975.255 GC heap after
Heap after GC invocations=3681 (full 27):
 PSYoungGen      total 33280K, used 10763K [0x000000076ab00000, 0x000000076d700000, 0x00000007c0000000)
  eden space 21504K, 0% used [0x000000076ab00000,0x000000076ab00000,0x000000076c000000)
  from space 11776K, 91% used [0x000000076cb80000,0x000000076d602dc0,0x000000076d700000)
  to   space 11776K, 0% used [0x000000076c000000,0x000000076c000000,0x000000076cb80000)
 ParOldGen       total 834560K, used 800426K [0x00000006c0000000, 0x00000006f2f00000, 0x000000076ab00000)
  object space 834560K, 95% used [0x00000006c0000000,0x00000006f0daa9e0,0x00000006f2f00000)
 Metaspace       used 22628K, capacity 22966K, committed 23040K, reserved 1069056K
  class space    used 2670K, capacity 2778K, committed 2816K, reserved 1048576K
}
Event: 2976.105 GC heap before
{Heap before GC invocations=3682 (full 27):
 PSYoungGen      total 33280K, used 32147K [0x000000076ab00000, 0x000000076d700000, 0x00000007c0000000)
  eden space 21504K, 99% used [0x000000076ab00000,0x000000076bfe1ff0,0x000000076c000000)
  from space 11776K, 91% used [0x000000076cb80000,0x000000076d602dc0,0x000000076d700000)
  to   space 11776K, 0% used [0x000000076c000000,0x000000076c000000,0x000000076cb80000)
 ParOldGen       total 834560K, used 800426K [0x00000006c0000000, 0x00000006f2f00000, 0x000000076ab00000)
  object space 834560K, 95% used [0x00000006c0000000,0x00000006f0daa9e0,0x00000006f2f00000)
 Metaspace       used 22628K, capacity 22966K, committed 23040K, reserved 1069056K
  class space    used 2670K, capacity 2778K, committed 2816K, reserved 1048576K
Event: 2976.110 GC heap after
Heap after GC invocations=3682 (full 27):
 PSYoungGen      total 33280K, used 10651K [0x000000076ab00000, 0x000000076d700000, 0x00000007c0000000)
  eden space 21504K, 0% used [0x000000076ab00000,0x000000076ab00000,0x000000076c000000)
  from space 11776K, 90% used [0x000000076c000000,0x000000076ca66ec0,0x000000076cb80000)
  to   space 11776K, 0% used [0x000000076cb80000,0x000000076cb80000,0x000000076d700000)
 ParOldGen       total 834560K, used 800839K [0x00000006c0000000, 0x00000006f2f00000, 0x000000076ab00000)
  object space 834560K, 95% used [0x00000006c0000000,0x00000006f0e11ea0,0x00000006f2f00000)
 Metaspace       used 22628K, capacity 22966K, committed 23040K, reserved 1069056K
  class space    used 2670K, capacity 2778K, committed 2816K, reserved 1048576K
}
Event: 2976.924 GC heap before
{Heap before GC invocations=3683 (full 27):
 PSYoungGen      total 33280K, used 32056K [0x000000076ab00000, 0x000000076d700000, 0x00000007c0000000)
  eden space 21504K, 99% used [0x000000076ab00000,0x000000076bfe7360,0x000000076c000000)
  from space 11776K, 90% used [0x000000076c000000,0x000000076ca66ec0,0x000000076cb80000)
  to   space 11776K, 0% used [0x000000076cb80000,0x000000076cb80000,0x000000076d700000)
 ParOldGen       total 834560K, used 800839K [0x00000006c0000000, 0x00000006f2f00000, 0x000000076ab00000)
  object space 834560K, 95% used [0x00000006c0000000,0x00000006f0e11ea0,0x00000006f2f00000)
 Metaspace       used 22628K, capacity 22966K, committed 23040K, reserved 1069056K
  class space    used 2670K, capacity 2778K, committed 2816K, reserved 1048576K
Event: 2976.928 GC heap after
Heap after GC invocations=3683 (full 27):
 PSYoungGen      total 33280K, used 10986K [0x000000076ab00000, 0x000000076d700000, 0x00000007c0000000)
  eden space 21504K, 0% used [0x000000076ab00000,0x000000076ab00000,0x000000076c000000)
  from space 11776K, 93% used [0x000000076cb80000,0x000000076d63aae0,0x000000076d700000)
  to   space 11776K, 0% used [0x000000076c000000,0x000000076c000000,0x000000076cb80000)
 ParOldGen       total 834560K, used 801293K [0x00000006c0000000, 0x00000006f2f00000, 0x000000076ab00000)
  object space 834560K, 96% used [0x00000006c0000000,0x00000006f0e837f0,0x00000006f2f00000)
 Metaspace       used 22628K, capacity 22966K, committed 23040K, reserved 1069056K
  class space    used 2670K, capacity 2778K, committed 2816K, reserved 1048576K
}
Event: 2977.720 GC heap before
{Heap before GC invocations=3684 (full 27):
 PSYoungGen      total 33280K, used 32490K [0x000000076ab00000, 0x000000076d700000, 0x00000007c0000000)
  eden space 21504K, 100% used [0x000000076ab00000,0x000000076c000000,0x000000076c000000)
  from space 11776K, 93% used [0x000000076cb80000,0x000000076d63aae0,0x000000076d700000)
  to   space 11776K, 0% used [0x000000076c000000,0x000000076c000000,0x000000076cb80000)
 ParOldGen       total 834560K, used 801293K [0x00000006c0000000, 0x00000006f2f00000, 0x000000076ab00000)
  object space 834560K, 96% used [0x00000006c0000000,0x00000006f0e837f0,0x00000006f2f00000)
 Metaspace       used 22628K, capacity 22966K, committed 23040K, reserved 1069056K
  class space    used 2670K, capacity 2778K, committed 2816K, reserved 1048576K
Event: 2977.723 GC heap after
Heap after GC invocations=3684 (full 27):
 PSYoungGen      total 33280K, used 11751K [0x000000076ab00000, 0x000000076d800000, 0x00000007c0000000)
  eden space 21504K, 0% used [0x000000076ab00000,0x000000076ab00000,0x000000076c000000)
  from space 11776K, 99% used [0x000000076c000000,0x000000076cb79c30,0x000000076cb80000)
  to   space 12288K, 0% used [0x000000076cc00000,0x000000076cc00000,0x000000076d800000)
 ParOldGen       total 834560K, used 801927K [0x00000006c0000000, 0x00000006f2f00000, 0x000000076ab00000)
  object space 834560K, 96% used [0x00000006c0000000,0x00000006f0f21d80,0x00000006f2f00000)
 Metaspace       used 22628K, capacity 22966K, committed 23040K, reserved 1069056K
  class space    used 2670K, capacity 2778K, committed 2816K, reserved 1048576K
}

