# JRE version: Java(TM) SE Runtime Environment (8.0_60-b27) (build 1.8.0_60-b27)
# Java VM: Java HotSpot(TM) 64-Bit Server VM (25.60-b23 mixed mode bsd-amd64 compressed oops)
Heap:
 PSYoungGen      total 32256K, used 20691K [0x000000076ab00000, 0x000000076d500000, 0x00000007c0000000)
  eden space 21504K, 52% used [0x000000076ab00000,0x000000076b608d20,0x000000076c000000)
  from space 10752K, 87% used [0x000000076ca80000,0x000000076d3ac0b0,0x000000076d500000)
  to   space 10752K, 0% used [0x000000076c000000,0x000000076c000000,0x000000076ca80000)
 ParOldGen       total 82944K, used 40034K [0x00000006c0000000, 0x00000006c5100000, 0x000000076ab00000)
  object space 82944K, 48% used [0x00000006c0000000,0x00000006c27189e0,0x00000006c5100000)
 Metaspace       used 22533K, capacity 22940K, committed 23168K, reserved 1069056K
  class space    used 2760K, capacity 2853K, committed 2944K, reserved 1048576K
GC Heap History (10 events):
Event: 982.304 GC heap before
{Heap before GC invocations=533 (full 1):
 PSYoungGen      total 32256K, used 30691K [0x000000076ab00000, 0x000000076d500000, 0x00000007c0000000)
  eden space 21504K, 99% used [0x000000076ab00000,0x000000076bff0b58,0x000000076c000000)
  from space 10752K, 86% used [0x000000076c000000,0x000000076c908190,0x000000076ca80000)
  to   space 10752K, 0% used [0x000000076ca80000,0x000000076ca80000,0x000000076d500000)
 ParOldGen       total 82944K, used 40034K [0x00000006c0000000, 0x00000006c5100000, 0x000000076ab00000)
  object space 82944K, 48% used [0x00000006c0000000,0x00000006c27189e0,0x00000006c5100000)
 Metaspace       used 22533K, capacity 22940K, committed 23168K, reserved 1069056K
  class space    used 2760K, capacity 2853K, committed 2944K, reserved 1048576K
Event: 982.306 GC heap after
Heap after GC invocations=533 (full 1):
 PSYoungGen      total 32256K, used 10361K [0x000000076ab00000, 0x000000076d500000, 0x00000007c0000000)
  eden space 21504K, 0% used [0x000000076ab00000,0x000000076ab00000,0x000000076c000000)
  from space 10752K, 96% used [0x000000076ca80000,0x000000076d49e6f0,0x000000076d500000)
  to   space 10752K, 0% used [0x000000076c000000,0x000000076c000000,0x000000076ca80000)
 ParOldGen       total 82944K, used 40034K [0x00000006c0000000, 0x00000006c5100000, 0x000000076ab00000)
  object space 82944K, 48% used [0x00000006c0000000,0x00000006c27189e0,0x00000006c5100000)
 Metaspace       used 22533K, capacity 22940K, committed 23168K, reserved 1069056K
  class space    used 2760K, capacity 2853K, committed 2944K, reserved 1048576K
}
Event: 983.722 GC heap before
{Heap before GC invocations=534 (full 1):
 PSYoungGen      total 32256K, used 31805K [0x000000076ab00000, 0x000000076d500000, 0x00000007c0000000)
  eden space 21504K, 99% used [0x000000076ab00000,0x000000076bff0fd8,0x000000076c000000)
  from space 10752K, 96% used [0x000000076ca80000,0x000000076d49e6f0,0x000000076d500000)
  to   space 10752K, 0% used [0x000000076c000000,0x000000076c000000,0x000000076ca80000)
 ParOldGen       total 82944K, used 40034K [0x00000006c0000000, 0x00000006c5100000, 0x000000076ab00000)
  object space 82944K, 48% used [0x00000006c0000000,0x00000006c27189e0,0x00000006c5100000)
 Metaspace       used 22533K, capacity 22940K, committed 23168K, reserved 1069056K
  class space    used 2760K, capacity 2853K, committed 2944K, reserved 1048576K
Event: 983.724 GC heap after
Heap after GC invocations=534 (full 1):
 PSYoungGen      total 32256K, used 9541K [0x000000076ab00000, 0x000000076d500000, 0x00000007c0000000)
  eden space 21504K, 0% used [0x000000076ab00000,0x000000076ab00000,0x000000076c000000)
  from space 10752K, 88% used [0x000000076c000000,0x000000076c951590,0x000000076ca80000)
  to   space 10752K, 0% used [0x000000076ca80000,0x000000076ca80000,0x000000076d500000)
 ParOldGen       total 82944K, used 40034K [0x00000006c0000000, 0x00000006c5100000, 0x000000076ab00000)
  object space 82944K, 48% used [0x00000006c0000000,0x00000006c27189e0,0x00000006c5100000)
 Metaspace       used 22533K, capacity 22940K, committed 23168K, reserved 1069056K
  class space    used 2760K, capacity 2853K, committed 2944K, reserved 1048576K
}
Event: 985.141 GC heap before
{Heap before GC invocations=535 (full 1):
 PSYoungGen      total 32256K, used 30985K [0x000000076ab00000, 0x000000076d500000, 0x00000007c0000000)
  eden space 21504K, 99% used [0x000000076ab00000,0x000000076bff1258,0x000000076c000000)
  from space 10752K, 88% used [0x000000076c000000,0x000000076c951590,0x000000076ca80000)
  to   space 10752K, 0% used [0x000000076ca80000,0x000000076ca80000,0x000000076d500000)
 ParOldGen       total 82944K, used 40034K [0x00000006c0000000, 0x00000006c5100000, 0x000000076ab00000)
  object space 82944K, 48% used [0x00000006c0000000,0x00000006c27189e0,0x00000006c5100000)
 Metaspace       used 22533K, capacity 22940K, committed 23168K, reserved 1069056K
  class space    used 2760K, capacity 2853K, committed 2944K, reserved 1048576K
Event: 985.143 GC heap after
Heap after GC invocations=535 (full 1):
 PSYoungGen      total 32256K, used 9067K [0x000000076ab00000, 0x000000076d500000, 0x00000007c0000000)
  eden space 21504K, 0% used [0x000000076ab00000,0x000000076ab00000,0x000000076c000000)
  from space 10752K, 84% used [0x000000076ca80000,0x000000076d35acb0,0x000000076d500000)
  to   space 10752K, 0% used [0x000000076c000000,0x000000076c000000,0x000000076ca80000)
 ParOldGen       total 82944K, used 40034K [0x00000006c0000000, 0x00000006c5100000, 0x000000076ab00000)
  object space 82944K, 48% used [0x00000006c0000000,0x00000006c27189e0,0x00000006c5100000)
 Metaspace       used 22533K, capacity 22940K, committed 23168K, reserved 1069056K
  class space    used 2760K, capacity 2853K, committed 2944K, reserved 1048576K
}
Event: 986.562 GC heap before
{Heap before GC invocations=536 (full 1):
 PSYoungGen      total 32256K, used 30512K [0x000000076ab00000, 0x000000076d500000, 0x00000007c0000000)
  eden space 21504K, 99% used [0x000000076ab00000,0x000000076bff1418,0x000000076c000000)
  from space 10752K, 84% used [0x000000076ca80000,0x000000076d35acb0,0x000000076d500000)
  to   space 10752K, 0% used [0x000000076c000000,0x000000076c000000,0x000000076ca80000)
 ParOldGen       total 82944K, used 40034K [0x00000006c0000000, 0x00000006c5100000, 0x000000076ab00000)
  object space 82944K, 48% used [0x00000006c0000000,0x00000006c27189e0,0x00000006c5100000)
 Metaspace       used 22533K, capacity 22940K, committed 23168K, reserved 1069056K
  class space    used 2760K, capacity 2853K, committed 2944K, reserved 1048576K
Event: 986.565 GC heap after
Heap after GC invocations=536 (full 1):
 PSYoungGen      total 32256K, used 9717K [0x000000076ab00000, 0x000000076d500000, 0x00000007c0000000)
  eden space 21504K, 0% used [0x000000076ab00000,0x000000076ab00000,0x000000076c000000)
  from space 10752K, 90% used [0x000000076c000000,0x000000076c97d4b0,0x000000076ca80000)
  to   space 10752K, 0% used [0x000000076ca80000,0x000000076ca80000,0x000000076d500000)
 ParOldGen       total 82944K, used 40034K [0x00000006c0000000, 0x00000006c5100000, 0x000000076ab00000)
  object space 82944K, 48% used [0x00000006c0000000,0x00000006c27189e0,0x00000006c5100000)
 Metaspace       used 22533K, capacity 22940K, committed 23168K, reserved 1069056K
  class space    used 2760K, capacity 2853K, committed 2944K, reserved 1048576K
}
Event: 988.030 GC heap before
{Heap before GC invocations=537 (full 1):
 PSYoungGen      total 32256K, used 31162K [0x000000076ab00000, 0x000000076d500000, 0x00000007c0000000)
  eden space 21504K, 99% used [0x000000076ab00000,0x000000076bff14c8,0x000000076c000000)
  from space 10752K, 90% used [0x000000076c000000,0x000000076c97d4b0,0x000000076ca80000)
  to   space 10752K, 0% used [0x000000076ca80000,0x000000076ca80000,0x000000076d500000)
 ParOldGen       total 82944K, used 40034K [0x00000006c0000000, 0x00000006c5100000, 0x000000076ab00000)
  object space 82944K, 48% used [0x00000006c0000000,0x00000006c27189e0,0x00000006c5100000)
 Metaspace       used 22533K, capacity 22940K, committed 23168K, reserved 1069056K
  class space    used 2760K, capacity 2853K, committed 2944K, reserved 1048576K
Event: 988.032 GC heap after
Heap after GC invocations=537 (full 1):
 PSYoungGen      total 32256K, used 9392K [0x000000076ab00000, 0x000000076d500000, 0x00000007c0000000)
  eden space 21504K, 0% used [0x000000076ab00000,0x000000076ab00000,0x000000076c000000)
  from space 10752K, 87% used [0x000000076ca80000,0x000000076d3ac0b0,0x000000076d500000)
  to   space 10752K, 0% used [0x000000076c000000,0x000000076c000000,0x000000076ca80000)
 ParOldGen       total 82944K, used 40034K [0x00000006c0000000, 0x00000006c5100000, 0x000000076ab00000)
  object space 82944K, 48% used [0x00000006c0000000,0x00000006c27189e0,0x00000006c5100000)
 Metaspace       used 22533K, capacity 22940K, committed 23168K, reserved 1069056K
  class space    used 2760K, capacity 2853K, committed 2944K, reserved 1048576K
}

