# JRE version: Java(TM) SE Runtime Environment (8.0_60-b27) (build 1.8.0_60-b27)
# Java VM: Java HotSpot(TM) 64-Bit Server VM (25.60-b23 mixed mode bsd-amd64 compressed oops)
Heap:
 PSYoungGen      total 74752K, used 28892K [0x000000076ab00000, 0x0000000770e80000, 0x00000007c0000000)
  eden space 64000K, 28% used [0x000000076ab00000,0x000000076bccc740,0x000000076e980000)
  from space 10752K, 99% used [0x000000076eb00000,0x000000076f56a988,0x000000076f580000)
  to   space 18944K, 0% used [0x000000076fc00000,0x000000076fc00000,0x0000000770e80000)
 ParOldGen       total 87040K, used 18060K [0x00000006c0000000, 0x00000006c5500000, 0x000000076ab00000)
  object space 87040K, 20% used [0x00000006c0000000,0x00000006c11a3288,0x00000006c5500000)
 Metaspace       used 21680K, capacity 21978K, committed 22016K, reserved 1069056K
  class space    used 2706K, capacity 2816K, committed 2816K, reserved 1048576K
GC Heap History (10 events):
Event: 10.270 GC heap before
{Heap before GC invocations=2 (full 0):
 PSYoungGen      total 76288K, used 34073K [0x000000076ab00000, 0x0000000770000000, 0x00000007c0000000)
  eden space 65536K, 35% used [0x000000076ab00000,0x000000076c1c8660,0x000000076eb00000)
  from space 10752K, 99% used [0x000000076eb00000,0x000000076f57ddc0,0x000000076f580000)
  to   space 10752K, 0% used [0x000000076f580000,0x000000076f580000,0x0000000770000000)
 ParOldGen       total 175104K, used 6229K [0x00000006c0000000, 0x00000006cab00000, 0x000000076ab00000)
  object space 175104K, 3% used [0x00000006c0000000,0x00000006c0615520,0x00000006cab00000)
 Metaspace       used 20806K, capacity 21138K, committed 21248K, reserved 1067008K
  class space    used 2630K, capacity 2752K, committed 2816K, reserved 1048576K
Event: 10.277 GC heap after
Heap after GC invocations=2 (full 0):
 PSYoungGen      total 76288K, used 10735K [0x000000076ab00000, 0x0000000770000000, 0x00000007c0000000)
  eden space 65536K, 0% used [0x000000076ab00000,0x000000076ab00000,0x000000076eb00000)
  from space 10752K, 99% used [0x000000076f580000,0x000000076fffbf40,0x0000000770000000)
  to   space 10752K, 0% used [0x000000076eb00000,0x000000076eb00000,0x000000076f580000)
 ParOldGen       total 175104K, used 11371K [0x00000006c0000000, 0x00000006cab00000, 0x000000076ab00000)
  object space 175104K, 6% used [0x00000006c0000000,0x00000006c0b1ac80,0x00000006cab00000)
 Metaspace       used 20806K, capacity 21138K, committed 21248K, reserved 1067008K
  class space    used 2630K, capacity 2752K, committed 2816K, reserved 1048576K
}
Event: 10.278 GC heap before
{Heap before GC invocations=3 (full 1):
 PSYoungGen      total 76288K, used 10735K [0x000000076ab00000, 0x0000000770000000, 0x00000007c0000000)
  eden space 65536K, 0% used [0x000000076ab00000,0x000000076ab00000,0x000000076eb00000)
  from space 10752K, 99% used [0x000000076f580000,0x000000076fffbf40,0x0000000770000000)
  to   space 10752K, 0% used [0x000000076eb00000,0x000000076eb00000,0x000000076f580000)
 ParOldGen       total 175104K, used 11371K [0x00000006c0000000, 0x00000006cab00000, 0x000000076ab00000)
  object space 175104K, 6% used [0x00000006c0000000,0x00000006c0b1ac80,0x00000006cab00000)
 Metaspace       used 20806K, capacity 21138K, committed 21248K, reserved 1067008K
  class space    used 2630K, capacity 2752K, committed 2816K, reserved 1048576K
Event: 10.309 GC heap after
Heap after GC invocations=3 (full 1):
 PSYoungGen      total 76288K, used 0K [0x000000076ab00000, 0x0000000770000000, 0x00000007c0000000)
  eden space 65536K, 0% used [0x000000076ab00000,0x000000076ab00000,0x000000076eb00000)
  from space 10752K, 0% used [0x000000076f580000,0x000000076f580000,0x0000000770000000)
  to   space 10752K, 0% used [0x000000076eb00000,0x000000076eb00000,0x000000076f580000)
 ParOldGen       total 87040K, used 14922K [0x00000006c0000000, 0x00000006c5500000, 0x000000076ab00000)
  object space 87040K, 17% used [0x00000006c0000000,0x00000006c0e928e8,0x00000006c5500000)
 Metaspace       used 20806K, capacity 21138K, committed 21248K, reserved 1067008K
  class space    used 2630K, capacity 2752K, committed 2816K, reserved 1048576K
}
Event: 13.441 GC heap before
{Heap before GC invocations=4 (full 1):
 PSYoungGen      total 76288K, used 65536K [0x000000076ab00000, 0x0000000770000000, 0x00000007c0000000)
  eden space 65536K, 100% used [0x000000076ab00000,0x000000076eb00000,0x000000076eb00000)
  from space 10752K, 0% used [0x000000076f580000,0x000000076f580000,0x0000000770000000)
  to   space 10752K, 0% used [0x000000076eb00000,0x000000076eb00000,0x000000076f580000)
 ParOldGen       total 87040K, used 14922K [0x00000006c0000000, 0x00000006c5500000, 0x000000076ab00000)
  object space 87040K, 17% used [0x00000006c0000000,0x00000006c0e928e8,0x00000006c5500000)
 Metaspace       used 21550K, capacity 21850K, committed 22016K, reserved 1069056K
  class space    used 2706K, capacity 2816K, committed 2816K, reserved 1048576K
Event: 13.446 GC heap after
Heap after GC invocations=4 (full 1):
 PSYoungGen      total 76288K, used 10740K [0x000000076ab00000, 0x0000000770000000, 0x00000007c0000000)
  eden space 65536K, 0% used [0x000000076ab00000,0x000000076ab00000,0x000000076eb00000)
  from space 10752K, 99% used [0x000000076eb00000,0x000000076f57d318,0x000000076f580000)
  to   space 10752K, 0% used [0x000000076f580000,0x000000076f580000,0x0000000770000000)
 ParOldGen       total 87040K, used 16169K [0x00000006c0000000, 0x00000006c5500000, 0x000000076ab00000)
  object space 87040K, 18% used [0x00000006c0000000,0x00000006c0fca608,0x00000006c5500000)
 Metaspace       used 21550K, capacity 21850K, committed 22016K, reserved 1069056K
  class space    used 2706K, capacity 2816K, committed 2816K, reserved 1048576K
}
Event: 17.657 GC heap before
{Heap before GC invocations=5 (full 1):
 PSYoungGen      total 76288K, used 76272K [0x000000076ab00000, 0x0000000770000000, 0x00000007c0000000)
  eden space 65536K, 99% used [0x000000076ab00000,0x000000076eafee60,0x000000076eb00000)
  from space 10752K, 99% used [0x000000076eb00000,0x000000076f57d318,0x000000076f580000)
  to   space 10752K, 0% used [0x000000076f580000,0x000000076f580000,0x0000000770000000)
 ParOldGen       total 87040K, used 16169K [0x00000006c0000000, 0x00000006c5500000, 0x000000076ab00000)
  object space 87040K, 18% used [0x00000006c0000000,0x00000006c0fca608,0x00000006c5500000)
 Metaspace       used 21662K, capacity 21978K, committed 22016K, reserved 1069056K
  class space    used 2706K, capacity 2816K, committed 2816K, reserved 1048576K
Event: 17.660 GC heap after
Heap after GC invocations=5 (full 1):
 PSYoungGen      total 76288K, used 10724K [0x000000076ab00000, 0x0000000770000000, 0x00000007c0000000)
  eden space 65536K, 0% used [0x000000076ab00000,0x000000076ab00000,0x000000076eb00000)
  from space 10752K, 99% used [0x000000076f580000,0x000000076fff93f8,0x0000000770000000)
  to   space 10752K, 0% used [0x000000076eb00000,0x000000076eb00000,0x000000076f580000)
 ParOldGen       total 87040K, used 16880K [0x00000006c0000000, 0x00000006c5500000, 0x000000076ab00000)
  object space 87040K, 19% used [0x00000006c0000000,0x00000006c107c2b8,0x00000006c5500000)
 Metaspace       used 21662K, capacity 21978K, committed 22016K, reserved 1069056K
  class space    used 2706K, capacity 2816K, committed 2816K, reserved 1048576K
}
Event: 21.918 GC heap before
{Heap before GC invocations=6 (full 1):
 PSYoungGen      total 76288K, used 76260K [0x000000076ab00000, 0x0000000770000000, 0x00000007c0000000)
  eden space 65536K, 100% used [0x000000076ab00000,0x000000076eb00000,0x000000076eb00000)
  from space 10752K, 99% used [0x000000076f580000,0x000000076fff93f8,0x0000000770000000)
  to   space 10752K, 0% used [0x000000076eb00000,0x000000076eb00000,0x000000076f580000)
 ParOldGen       total 87040K, used 16880K [0x00000006c0000000, 0x00000006c5500000, 0x000000076ab00000)
  object space 87040K, 19% used [0x00000006c0000000,0x00000006c107c2b8,0x00000006c5500000)
 Metaspace       used 21680K, capacity 21978K, committed 22016K, reserved 1069056K
  class space    used 2706K, capacity 2816K, committed 2816K, reserved 1048576K
Event: 21.921 GC heap after
Heap after GC invocations=6 (full 1):
 PSYoungGen      total 74752K, used 10666K [0x000000076ab00000, 0x0000000770e80000, 0x00000007c0000000)
  eden space 64000K, 0% used [0x000000076ab00000,0x000000076ab00000,0x000000076e980000)
  from space 10752K, 99% used [0x000000076eb00000,0x000000076f56a988,0x000000076f580000)
  to   space 18944K, 0% used [0x000000076fc00000,0x000000076fc00000,0x0000000770e80000)
 ParOldGen       total 87040K, used 18060K [0x00000006c0000000, 0x00000006c5500000, 0x000000076ab00000)
  object space 87040K, 20% used [0x00000006c0000000,0x00000006c11a3288,0x00000006c5500000)
 Metaspace       used 21680K, capacity 21978K, committed 22016K, reserved 1069056K
  class space    used 2706K, capacity 2816K, committed 2816K, reserved 1048576K
}

